<?xml version="1.0" encoding="UTF-8"?>
<!-- Generated by org.testng.reporters.JUnitReportReporter -->
<testsuite hostname="LAPTOP-9QBFEI8F" failures="0" tests="1" name="runners.Runner" time="11.039" errors="0" timestamp="13 Feb 2020 01:26:02 GMT" skipped="0">
  <testcase classname="runners.Runner" name="runScenario" time="11.039"/>
</testsuite> <!-- runners.Runner -->
